{
  "Unit Tests": {
    "coverage": {
      "c:/Sites/my_gems/archloot/test/archloot/droplist_test.rb": [
        1,
        null,
        1,
        1,
        1,
        0,
        null,
        null,
        1,
        0,
        null,
        null,
        null
      ],
      "c:/Sites/my_gems/archloot/test/archloot/drop_test.rb": [
        1,
        null,
        1,
        1,
        1,
        0,
        null,
        null,
        1,
        1,
        0,
        0,
        null,
        1,
        0,
        null,
        1,
        0,
        null,
        null,
        null,
        1,
        0,
        null,
        null,
        1,
        0,
        0,
        null,
        null,
        1,
        1,
        0,
        null,
        1,
        0,
        null,
        null,
        null,
        1,
        1,
        0,
        null,
        1,
        0,
        null,
        null,
        null,
        null,
        null
      ]
    },
    "timestamp": 1418085563
  },
  "RSpec": {
    "coverage": {
      "c:/Sites/my_gems/archloot/spec/archloot/drop_spec.rb": [
        1,
        null,
        1,
        1,
        2,
        1,
        1,
        null,
        null,
        1,
        1,
        2,
        null,
        1,
        1,
        null,
        null,
        null,
        1,
        2,
        null,
        1,
        1,
        null,
        null,
        null,
        null,
        1,
        2,
        null,
        1,
        1,
        2,
        1,
        1,
        null,
        null,
        null,
        1,
        3,
        null,
        1,
        1,
        null,
        null,
        1,
        1,
        null,
        null,
        null,
        null
      ],
      "c:/Sites/my_gems/archloot/spec/archloot/droplist_spec.rb": [
        1,
        null,
        1,
        1,
        1,
        4,
        null,
        1,
        1,
        null,
        null,
        1,
        1,
        1,
        null,
        null,
        null,
        1,
        2,
        2,
        null,
        1,
        1,
        1,
        1,
        1,
        null,
        null,
        null,
        null,
        1,
        2,
        2,
        null,
        1,
        1,
        1,
        null,
        null,
        null,
        null,
        null
      ],
      "c:/Sites/my_gems/archloot/spec/archloot/random_number_generator_spec.rb": [
        1,
        null,
        1,
        1,
        1,
        4,
        2,
        2,
        1,
        1,
        null,
        null,
        null,
        null
      ]
    },
    "timestamp": 1422647809
  }
}
